<?xml version="1.0" encoding="UTF-8"?>
<!-- Generated by org.testng.reporters.JUnitXMLReporter -->
<testsuite hostname="HALE-QA5L" name="testGuru1" tests="4" failures="0" timestamp="26 Oct 2016 06:20:49 GMT" time="0.012" errors="0">
  <testcase name="@BeforeTest setup" time="0.0" classname="com.Sample.AppTest">
    <failure type="org.openqa.selenium.remote.SessionNotFoundException" message="The FirefoxDriver cannot be used after quit() was called.
Build info: version: &amp;apos;2.53.1&amp;apos;, revision: &amp;apos;a36b8b1cd5757287168e54b817830adce9b0158d&amp;apos;, time: &amp;apos;2016-06-30 19:26:09&amp;apos;
System info: host: &amp;apos;HALE-QA5L&amp;apos;, ip: &amp;apos;10.10.4.147&amp;apos;, os.name: &amp;apos;Windows 7&amp;apos;, os.arch: &amp;apos;x86&amp;apos;, os.version: &amp;apos;6.1&amp;apos;, java.version: &amp;apos;1.8.0_45&amp;apos;
Driver info: driver.version: RemoteWebDriver">
      <![CDATA[org.openqa.selenium.remote.SessionNotFoundException: The FirefoxDriver cannot be used after quit() was called.
Build info: version: '2.53.1', revision: 'a36b8b1cd5757287168e54b817830adce9b0158d', time: '2016-06-30 19:26:09'
System info: host: 'HALE-QA5L', ip: '10.10.4.147', os.name: 'Windows 7', os.arch: 'x86', os.version: '6.1', java.version: '1.8.0_45'
Driver info: driver.version: RemoteWebDriver
	at org.openqa.selenium.firefox.FirefoxDriver$LazyCommandExecutor.execute(FirefoxDriver.java:377)
	at org.openqa.selenium.remote.RemoteWebDriver.execute(RemoteWebDriver.java:644)
	at org.openqa.selenium.remote.RemoteWebDriver$RemoteWebDriverOptions$RemoteWindow.maximize(RemoteWebDriver.java:945)
	at com.Sample.BaseTest.setup(BaseTest.java:18)
... Removed 26 stack frames]]>
    </failure>
  </testcase> <!-- @BeforeTest setup -->
  <testcase name="@AfterTest tearDown" time="0.0" classname="com.Sample.AppTest">
    <skipped/>
  </testcase> <!-- @AfterTest tearDown -->
  <testcase name="LogIn_Test" time="0.001" classname="com.Sample.AppTest">
    <skipped/>
  </testcase> <!-- LogIn_Test -->
  <testcase name="LogIn_Test" time="0.0" classname="com.Sample.AppTest">
    <skipped/>
  </testcase> <!-- LogIn_Test -->
  <testcase name="LogIn_Test" time="0.001" classname="com.Sample.AppTest">
    <skipped/>
  </testcase> <!-- LogIn_Test -->
  <testcase name="LogIn_Test" time="0.0" classname="com.Sample.AppTest">
    <skipped/>
  </testcase> <!-- LogIn_Test -->
</testsuite> <!-- testGuru1 -->
