<?xml version="1.0" encoding="UTF-8"?>
<!-- Generated by org.testng.reporters.JUnitXMLReporter -->
<testsuite hostname="HALE-QA5L" name="testGuru3" tests="8" failures="2" timestamp="14 Dec 2016 05:48:59 GMT" time="6.852" errors="0">
  <testcase name="TestSampleTest" time="0.001" classname="com.Sample.TestSample">
    <failure type="java.lang.AssertionError" message="expected [true] but found [false]">
      <![CDATA[java.lang.AssertionError: expected [true] but found [false]
	at com.Sample.TestSample.TestSampleTest(TestSample.java:11)
... Removed 29 stack frames]]>
    </failure>
  </testcase> <!-- TestSampleTest -->
  <testcase name="TestSampleTest2" time="0.0" classname="com.Sample.TestSample"/>
  <testcase name="TestSampleTest3" time="0.001" classname="com.Sample.TestSample"/>
  <testcase name="TestSampleTest4" time="0.001" classname="com.Sample.TestSample">
    <failure type="java.lang.AssertionError" message="expected [true] but found [false]">
      <![CDATA[java.lang.AssertionError: expected [true] but found [false]
	at com.Sample.TestSample.TestSampleTest4(TestSample.java:34)
... Removed 29 stack frames]]>
    </failure>
  </testcase> <!-- TestSampleTest4 -->
  <testcase name="TestSampleTest6" time="0.001" classname="com.Sample.TestSample"/>
  <testcase name="TestSampleTest1" time="0.0" classname="com.Sample.TestSample">
    <skipped/>
  </testcase> <!-- TestSampleTest1 -->
  <testcase name="TestSampleTest5" time="0.0" classname="com.Sample.TestSample">
    <skipped/>
  </testcase> <!-- TestSampleTest5 -->
  <testcase name="TestPass" time="0.001" classname="com.Sample.AppTest"/>
</testsuite> <!-- testGuru3 -->
