<?xml version="1.0" encoding="UTF-8"?>
<!-- Generated by org.testng.reporters.JUnitXMLReporter -->
<testsuite hostname="HALE-QA5L" name="testGuru5" tests="4" failures="0" timestamp="14 Dec 2016 05:49:05 GMT" time="5.73" errors="0">
  <testcase name="LogIn_Test" time="0.001" classname="com.Sample.AppTest"/>
  <testcase name="LogIn_Test" time="0.001" classname="com.Sample.AppTest"/>
  <testcase name="LogIn_Test" time="0.001" classname="com.Sample.AppTest"/>
  <testcase name="LogIn_Test" time="0.001" classname="com.Sample.AppTest"/>
</testsuite> <!-- testGuru5 -->
