<?xml version="1.0" encoding="UTF-8"?>
<!-- Generated by org.testng.reporters.JUnitXMLReporter -->
<testsuite hostname="HALE-QA5L" name="testGuru1" tests="4" failures="0" timestamp="30 Nov 2016 08:28:45 GMT" time="6.031" errors="0">
  <testcase name="LogIn_Test" time="0.001" classname="com.Sample.AppTest"/>
  <testcase name="LogIn_Test" time="0.001" classname="com.Sample.AppTest"/>
  <testcase name="LogIn_Test" time="0.001" classname="com.Sample.AppTest"/>
  <testcase name="LogIn_Test" time="0.002" classname="com.Sample.AppTest"/>
</testsuite> <!-- testGuru1 -->
