<?xml version="1.0" encoding="UTF-8"?>
<testsuite name="TestSuite" time="1.2" tests="24" errors="0" skipped="19" failures="4">
  <properties>
[...]
</properties>
  <testcase name="test1" classname="com.Sample.NewTest" time="0.169">
    <failure message="The given selector h3[@itemprop=&apos;name&apos;] is either invalid or does not result in a WebElement. The following error occurred:&#10;InvalidSelectorError: An invalid or illegal selector was specified&#10;Command duration or timeout: 23 milliseconds&#10;For documentation on this error, please visit: http://seleniumhq.org/exceptions/invalid_selector_exception.html&#10;Build info: version: &apos;2.53.1&apos;, revision: &apos;a36b8b1cd5757287168e54b817830adce9b0158d&apos;, time: &apos;2016-06-30 19:26:09&apos;&#10;System info: host: &apos;HALE-QA5L&apos;, ip: &apos;10.10.4.147&apos;, os.name: &apos;Windows 7&apos;, os.arch: &apos;x86&apos;, os.version: &apos;6.1&apos;, java.version: &apos;1.8.0_45&apos;&#10;Driver info: org.openqa.selenium.firefox.FirefoxDriver&#10;Capabilities [{applicationCacheEnabled=true, rotatable=false, handlesAlerts=true, databaseEnabled=true, version=30.0, platform=WINDOWS, browserConnectionEnabled=true, nativeEvents=false, acceptSslCerts=true, webStorageEnabled=true, locationContextEnabled=true, browserName=firefox, takesScreenshot=true, javascriptEnabled=true, cssSelectorsEnabled=true}]&#10;Session ID: f8e56937-38b5-418f-aa56-b154aa484e79&#10;*** Element info: {Using=css selector, value=h3[@itemprop=&apos;name&apos;]}" type="org.openqa.selenium.InvalidSelectorException"><![CDATA[org.openqa.selenium.InvalidSelectorException: The given selector h3[@itemprop='name'] is either invalid or does not result in a WebElement. The following error occurred:
InvalidSelectorError: An invalid or illegal selector was specified
Command duration or timeout: 23 milliseconds
For documentation on this error, please visit: http://seleniumhq.org/exceptions/invalid_selector_exception.html
Build info: version: '2.53.1', revision: 'a36b8b1cd5757287168e54b817830adce9b0158d', time: '2016-06-30 19:26:09'
System info: host: 'HALE-QA5L', ip: '10.10.4.147', os.name: 'Windows 7', os.arch: 'x86', os.version: '6.1', java.version: '1.8.0_45'
Driver info: org.openqa.selenium.firefox.FirefoxDriver
Capabilities [{applicationCacheEnabled=true, rotatable=false, handlesAlerts=true, databaseEnabled=true, version=30.0, platform=WINDOWS, browserConnectionEnabled=true, nativeEvents=false, acceptSslCerts=true, webStorageEnabled=true, locationContextEnabled=true, browserName=firefox, takesScreenshot=true, javascriptEnabled=true, cssSelectorsEnabled=true}]
Session ID: f8e56937-38b5-418f-aa56-b154aa484e79
*** Element info: {Using=css selector, value=h3[@itemprop='name']}
	at sun.reflect.NativeConstructorAccessorImpl.newInstance0(Native Method)
	at sun.reflect.NativeConstructorAccessorImpl.newInstance(NativeConstructorAccessorImpl.java:62)
	at sun.reflect.DelegatingConstructorAccessorImpl.newInstance(DelegatingConstructorAccessorImpl.java:45)
	at java.lang.reflect.Constructor.newInstance(Constructor.java:422)
	at org.openqa.selenium.remote.ErrorHandler.createThrowable(ErrorHandler.java:206)
	at org.openqa.selenium.remote.ErrorHandler.throwIfResponseFailed(ErrorHandler.java:158)
	at org.openqa.selenium.remote.RemoteWebDriver.execute(RemoteWebDriver.java:678)
	at org.openqa.selenium.remote.RemoteWebDriver.findElement(RemoteWebDriver.java:363)
	at org.openqa.selenium.remote.RemoteWebDriver.findElementByCssSelector(RemoteWebDriver.java:492)
	at org.openqa.selenium.By$ByCssSelector.findElement(By.java:430)
	at org.openqa.selenium.remote.RemoteWebDriver.findElement(RemoteWebDriver.java:355)
	at com.Sample.NewTest.test1(NewTest.java:15)
Caused by: org.openqa.selenium.InvalidSelectorException: The given selector h3[@itemprop='name'] is either invalid or does not result in a WebElement. The following error occurred:
InvalidSelectorError: An invalid or illegal selector was specified
For documentation on this error, please visit: http://seleniumhq.org/exceptions/invalid_selector_exception.html
Build info: version: '2.53.1', revision: 'a36b8b1cd5757287168e54b817830adce9b0158d', time: '2016-06-30 19:26:09'
System info: host: 'HALE-QA5L', ip: '10.10.4.147', os.name: 'Windows 7', os.arch: 'x86', os.version: '6.1', java.version: '1.8.0_45'
Driver info: driver.version: unknown
	at <anonymous class>.FirefoxDriver.annotateInvalidSelectorError_(file:///C:/Users/dekumar/AppData/Local/Temp/anonymous9171086098692123819webdriver-profile/extensions/fxdriver@googlecode.com/components/driver-component.js:10744)
	at <anonymous class>.FirefoxDriver.prototype.findElementInternal_(file:///C:/Users/dekumar/AppData/Local/Temp/anonymous9171086098692123819webdriver-profile/extensions/fxdriver@googlecode.com/components/driver-component.js:10775)
	at <anonymous class>.FirefoxDriver.prototype.findElement(file:///C:/Users/dekumar/AppData/Local/Temp/anonymous9171086098692123819webdriver-profile/extensions/fxdriver@googlecode.com/components/driver-component.js:10779)
	at <anonymous class>.DelayedCommand.prototype.executeInternal_/h(file:///C:/Users/dekumar/AppData/Local/Temp/anonymous9171086098692123819webdriver-profile/extensions/fxdriver@googlecode.com/components/command-processor.js:12661)
	at <anonymous class>.DelayedCommand.prototype.executeInternal_(file:///C:/Users/dekumar/AppData/Local/Temp/anonymous9171086098692123819webdriver-profile/extensions/fxdriver@googlecode.com/components/command-processor.js:12666)
	at <anonymous class>.DelayedCommand.prototype.execute/<(file:///C:/Users/dekumar/AppData/Local/Temp/anonymous9171086098692123819webdriver-profile/extensions/fxdriver@googlecode.com/components/command-processor.js:12608)
]]></failure>
    <system-out><![CDATA[=========E:\Sample=========-----E:\Sample=======================================>>E:E:\Sample\reportHelpersFiles\js
E:\Sample\reportHelpersFiles\css
Description  
Description  null
]]></system-out>
  </testcase>
  <testcase name="test2" classname="com.Sample.NewTest" time="0.023"/>
  <testcase name="setup" classname="com.Sample.AppTest" time="0.953">
    <failure message="The FirefoxDriver cannot be used after quit() was called.&#10;Build info: version: &apos;2.53.1&apos;, revision: &apos;a36b8b1cd5757287168e54b817830adce9b0158d&apos;, time: &apos;2016-06-30 19:26:09&apos;&#10;System info: host: &apos;HALE-QA5L&apos;, ip: &apos;10.10.4.147&apos;, os.name: &apos;Windows 7&apos;, os.arch: &apos;x86&apos;, os.version: &apos;6.1&apos;, java.version: &apos;1.8.0_45&apos;&#10;Driver info: driver.version: RemoteWebDriver" type="org.openqa.selenium.remote.SessionNotFoundException">org.openqa.selenium.remote.SessionNotFoundException: The FirefoxDriver cannot be used after quit() was called.
Build info: version: '2.53.1', revision: 'a36b8b1cd5757287168e54b817830adce9b0158d', time: '2016-06-30 19:26:09'
System info: host: 'HALE-QA5L', ip: '10.10.4.147', os.name: 'Windows 7', os.arch: 'x86', os.version: '6.1', java.version: '1.8.0_45'
Driver info: driver.version: RemoteWebDriver
	at org.openqa.selenium.firefox.FirefoxDriver$LazyCommandExecutor.execute(FirefoxDriver.java:377)
	at org.openqa.selenium.remote.RemoteWebDriver.execute(RemoteWebDriver.java:644)
	at org.openqa.selenium.remote.RemoteWebDriver$RemoteWebDriverOptions$RemoteWindow.maximize(RemoteWebDriver.java:945)
	at com.Sample.BaseTest.setup(BaseTest.java:18)
	at sun.reflect.NativeMethodAccessorImpl.invoke0(Native Method)
	at sun.reflect.NativeMethodAccessorImpl.invoke(NativeMethodAccessorImpl.java:62)
	at sun.reflect.DelegatingMethodAccessorImpl.invoke(DelegatingMethodAccessorImpl.java:43)
	at java.lang.reflect.Method.invoke(Method.java:497)
	at org.testng.internal.MethodInvocationHelper.invokeMethod(MethodInvocationHelper.java:86)
	at org.testng.internal.Invoker.invokeConfigurationMethod(Invoker.java:514)
	at org.testng.internal.Invoker.invokeConfigurations(Invoker.java:215)
	at org.testng.internal.Invoker.invokeConfigurations(Invoker.java:142)
	at org.testng.TestRunner.beforeRun(TestRunner.java:656)
	at org.testng.TestRunner.run(TestRunner.java:624)
	at org.testng.SuiteRunner.runTest(SuiteRunner.java:366)
	at org.testng.SuiteRunner.runSequentially(SuiteRunner.java:361)
	at org.testng.SuiteRunner.privateRun(SuiteRunner.java:319)
	at org.testng.SuiteRunner.run(SuiteRunner.java:268)
	at org.testng.SuiteRunnerWorker.runSuite(SuiteRunnerWorker.java:52)
	at org.testng.SuiteRunnerWorker.run(SuiteRunnerWorker.java:86)
	at org.testng.TestNG.runSuitesSequentially(TestNG.java:1244)
	at org.testng.TestNG.runSuitesSequentially(TestNG.java:1240)
	at org.testng.TestNG.runSuitesLocally(TestNG.java:1169)
	at org.testng.TestNG.run(TestNG.java:1064)
	at org.apache.maven.surefire.testng.TestNGExecutor.run(TestNGExecutor.java:293)
	at org.apache.maven.surefire.testng.TestNGXmlTestSuite.execute(TestNGXmlTestSuite.java:84)
	at org.apache.maven.surefire.testng.TestNGProvider.invoke(TestNGProvider.java:91)
	at org.apache.maven.surefire.booter.ForkedBooter.invokeProviderInSameClassLoader(ForkedBooter.java:200)
	at org.apache.maven.surefire.booter.ForkedBooter.runSuitesInProcess(ForkedBooter.java:153)
	at org.apache.maven.surefire.booter.ForkedBooter.main(ForkedBooter.java:103)
</failure>
    <system-out><![CDATA[Test Method resides in com.Sample.NewTest
Screen capture saved at location E:\Sample\test-output\custom-report\Screenshots\com.Sample.NewTest@59ca5e-2016-26-10 at 11-50-48.png
Description  
failedTestcases 1
passedTestcases 1
skippedTestcases 0
Description  
]]></system-out>
  </testcase>
  <testcase name="LogIn_Test" classname="com.Sample.AppTest" time="0">
    <skipped/>
    <system-out><![CDATA[Description  null
]]></system-out>
  </testcase>
  <testcase name="LogIn_Test" classname="com.Sample.AppTest" time="0">
    <skipped/>
    <system-out><![CDATA[Description  null
]]></system-out>
  </testcase>
  <testcase name="LogIn_Test" classname="com.Sample.AppTest" time="0">
    <skipped/>
    <system-out><![CDATA[Description  null
]]></system-out>
  </testcase>
  <testcase name="LogIn_Test" classname="com.Sample.AppTest" time="0">
    <skipped/>
    <system-out><![CDATA[Description  null
]]></system-out>
  </testcase>
  <testcase name="tearDown" classname="com.Sample.AppTest" time="0">
    <skipped/>
  </testcase>
  <testcase name="setup" classname="com.Sample.TestSample" time="0.034">
    <failure message="The FirefoxDriver cannot be used after quit() was called.&#10;Build info: version: &apos;2.53.1&apos;, revision: &apos;a36b8b1cd5757287168e54b817830adce9b0158d&apos;, time: &apos;2016-06-30 19:26:09&apos;&#10;System info: host: &apos;HALE-QA5L&apos;, ip: &apos;10.10.4.147&apos;, os.name: &apos;Windows 7&apos;, os.arch: &apos;x86&apos;, os.version: &apos;6.1&apos;, java.version: &apos;1.8.0_45&apos;&#10;Driver info: driver.version: RemoteWebDriver" type="org.openqa.selenium.remote.SessionNotFoundException">org.openqa.selenium.remote.SessionNotFoundException: The FirefoxDriver cannot be used after quit() was called.
Build info: version: '2.53.1', revision: 'a36b8b1cd5757287168e54b817830adce9b0158d', time: '2016-06-30 19:26:09'
System info: host: 'HALE-QA5L', ip: '10.10.4.147', os.name: 'Windows 7', os.arch: 'x86', os.version: '6.1', java.version: '1.8.0_45'
Driver info: driver.version: RemoteWebDriver
	at org.openqa.selenium.firefox.FirefoxDriver$LazyCommandExecutor.execute(FirefoxDriver.java:377)
	at org.openqa.selenium.remote.RemoteWebDriver.execute(RemoteWebDriver.java:644)
	at org.openqa.selenium.remote.RemoteWebDriver$RemoteWebDriverOptions$RemoteWindow.maximize(RemoteWebDriver.java:945)
	at com.Sample.BaseTest.setup(BaseTest.java:18)
	at sun.reflect.NativeMethodAccessorImpl.invoke0(Native Method)
	at sun.reflect.NativeMethodAccessorImpl.invoke(NativeMethodAccessorImpl.java:62)
	at sun.reflect.DelegatingMethodAccessorImpl.invoke(DelegatingMethodAccessorImpl.java:43)
	at java.lang.reflect.Method.invoke(Method.java:497)
	at org.testng.internal.MethodInvocationHelper.invokeMethod(MethodInvocationHelper.java:86)
	at org.testng.internal.Invoker.invokeConfigurationMethod(Invoker.java:514)
	at org.testng.internal.Invoker.invokeConfigurations(Invoker.java:215)
	at org.testng.internal.Invoker.invokeConfigurations(Invoker.java:142)
	at org.testng.TestRunner.beforeRun(TestRunner.java:656)
	at org.testng.TestRunner.run(TestRunner.java:624)
	at org.testng.SuiteRunner.runTest(SuiteRunner.java:366)
	at org.testng.SuiteRunner.runSequentially(SuiteRunner.java:361)
	at org.testng.SuiteRunner.privateRun(SuiteRunner.java:319)
	at org.testng.SuiteRunner.run(SuiteRunner.java:268)
	at org.testng.SuiteRunnerWorker.runSuite(SuiteRunnerWorker.java:52)
	at org.testng.SuiteRunnerWorker.run(SuiteRunnerWorker.java:86)
	at org.testng.TestNG.runSuitesSequentially(TestNG.java:1244)
	at org.testng.TestNG.runSuitesSequentially(TestNG.java:1240)
	at org.testng.TestNG.runSuitesLocally(TestNG.java:1169)
	at org.testng.TestNG.run(TestNG.java:1064)
	at org.apache.maven.surefire.testng.TestNGExecutor.run(TestNGExecutor.java:293)
	at org.apache.maven.surefire.testng.TestNGXmlTestSuite.execute(TestNGXmlTestSuite.java:84)
	at org.apache.maven.surefire.testng.TestNGProvider.invoke(TestNGProvider.java:91)
	at org.apache.maven.surefire.booter.ForkedBooter.invokeProviderInSameClassLoader(ForkedBooter.java:200)
	at org.apache.maven.surefire.booter.ForkedBooter.runSuitesInProcess(ForkedBooter.java:153)
	at org.apache.maven.surefire.booter.ForkedBooter.main(ForkedBooter.java:103)
</failure>
    <system-out><![CDATA[failedTestcases 1
passedTestcases 1
skippedTestcases 4
Description  
]]></system-out>
  </testcase>
  <testcase name="TestSampleTest" classname="com.Sample.TestSample" time="0">
    <skipped/>
    <system-out><![CDATA[Description  null
]]></system-out>
  </testcase>
  <testcase name="TestSampleTest2" classname="com.Sample.TestSample" time="0">
    <skipped/>
    <system-out><![CDATA[Description  null
]]></system-out>
  </testcase>
  <testcase name="TestSampleTest3" classname="com.Sample.TestSample" time="0">
    <skipped/>
    <system-out><![CDATA[Description  null
]]></system-out>
  </testcase>
  <testcase name="TestSampleTest4" classname="com.Sample.TestSample" time="0">
    <skipped/>
    <system-out><![CDATA[Description  null
]]></system-out>
  </testcase>
  <testcase name="TestSampleTest6" classname="com.Sample.TestSample" time="0">
    <skipped/>
    <system-out><![CDATA[Description  null
]]></system-out>
  </testcase>
  <testcase name="TestSampleTest1" classname="com.Sample.TestSample" time="0">
    <skipped/>
  </testcase>
  <testcase name="TestSampleTest5" classname="com.Sample.TestSample" time="0">
    <skipped/>
  </testcase>
  <testcase name="TestPass" classname="com.Sample.AppTest" time="0">
    <skipped/>
    <system-out><![CDATA[Description  null
]]></system-out>
  </testcase>
  <testcase name="tearDown" classname="com.Sample.TestSample" time="0">
    <skipped/>
  </testcase>
  <testcase name="setup" classname="com.Sample.AppTest" time="0.021">
    <failure message="The FirefoxDriver cannot be used after quit() was called.&#10;Build info: version: &apos;2.53.1&apos;, revision: &apos;a36b8b1cd5757287168e54b817830adce9b0158d&apos;, time: &apos;2016-06-30 19:26:09&apos;&#10;System info: host: &apos;HALE-QA5L&apos;, ip: &apos;10.10.4.147&apos;, os.name: &apos;Windows 7&apos;, os.arch: &apos;x86&apos;, os.version: &apos;6.1&apos;, java.version: &apos;1.8.0_45&apos;&#10;Driver info: driver.version: RemoteWebDriver" type="org.openqa.selenium.remote.SessionNotFoundException">org.openqa.selenium.remote.SessionNotFoundException: The FirefoxDriver cannot be used after quit() was called.
Build info: version: '2.53.1', revision: 'a36b8b1cd5757287168e54b817830adce9b0158d', time: '2016-06-30 19:26:09'
System info: host: 'HALE-QA5L', ip: '10.10.4.147', os.name: 'Windows 7', os.arch: 'x86', os.version: '6.1', java.version: '1.8.0_45'
Driver info: driver.version: RemoteWebDriver
	at org.openqa.selenium.firefox.FirefoxDriver$LazyCommandExecutor.execute(FirefoxDriver.java:377)
	at org.openqa.selenium.remote.RemoteWebDriver.execute(RemoteWebDriver.java:644)
	at org.openqa.selenium.remote.RemoteWebDriver$RemoteWebDriverOptions$RemoteWindow.maximize(RemoteWebDriver.java:945)
	at com.Sample.BaseTest.setup(BaseTest.java:18)
	at sun.reflect.NativeMethodAccessorImpl.invoke0(Native Method)
	at sun.reflect.NativeMethodAccessorImpl.invoke(NativeMethodAccessorImpl.java:62)
	at sun.reflect.DelegatingMethodAccessorImpl.invoke(DelegatingMethodAccessorImpl.java:43)
	at java.lang.reflect.Method.invoke(Method.java:497)
	at org.testng.internal.MethodInvocationHelper.invokeMethod(MethodInvocationHelper.java:86)
	at org.testng.internal.Invoker.invokeConfigurationMethod(Invoker.java:514)
	at org.testng.internal.Invoker.invokeConfigurations(Invoker.java:215)
	at org.testng.internal.Invoker.invokeConfigurations(Invoker.java:142)
	at org.testng.TestRunner.beforeRun(TestRunner.java:656)
	at org.testng.TestRunner.run(TestRunner.java:624)
	at org.testng.SuiteRunner.runTest(SuiteRunner.java:366)
	at org.testng.SuiteRunner.runSequentially(SuiteRunner.java:361)
	at org.testng.SuiteRunner.privateRun(SuiteRunner.java:319)
	at org.testng.SuiteRunner.run(SuiteRunner.java:268)
	at org.testng.SuiteRunnerWorker.runSuite(SuiteRunnerWorker.java:52)
	at org.testng.SuiteRunnerWorker.run(SuiteRunnerWorker.java:86)
	at org.testng.TestNG.runSuitesSequentially(TestNG.java:1244)
	at org.testng.TestNG.runSuitesSequentially(TestNG.java:1240)
	at org.testng.TestNG.runSuitesLocally(TestNG.java:1169)
	at org.testng.TestNG.run(TestNG.java:1064)
	at org.apache.maven.surefire.testng.TestNGExecutor.run(TestNGExecutor.java:293)
	at org.apache.maven.surefire.testng.TestNGXmlTestSuite.execute(TestNGXmlTestSuite.java:84)
	at org.apache.maven.surefire.testng.TestNGProvider.invoke(TestNGProvider.java:91)
	at org.apache.maven.surefire.booter.ForkedBooter.invokeProviderInSameClassLoader(ForkedBooter.java:200)
	at org.apache.maven.surefire.booter.ForkedBooter.runSuitesInProcess(ForkedBooter.java:153)
	at org.apache.maven.surefire.booter.ForkedBooter.main(ForkedBooter.java:103)
</failure>
    <system-out><![CDATA[Description  
]]></system-out>
  </testcase>
  <testcase name="LogIn_Test" classname="com.Sample.AppTest" time="0">
    <skipped/>
    <system-out><![CDATA[Description  null
]]></system-out>
  </testcase>
  <testcase name="LogIn_Test" classname="com.Sample.AppTest" time="0">
    <skipped/>
    <system-out><![CDATA[Description  null
]]></system-out>
  </testcase>
  <testcase name="LogIn_Test" classname="com.Sample.AppTest" time="0">
    <skipped/>
    <system-out><![CDATA[Description  null
]]></system-out>
  </testcase>
  <testcase name="LogIn_Test" classname="com.Sample.AppTest" time="0">
    <skipped/>
    <system-out><![CDATA[Description  null
]]></system-out>
  </testcase>
  <testcase name="tearDown" classname="com.Sample.AppTest" time="0">
    <skipped/>
  </testcase>
</testsuite>