<?xml version="1.0" encoding="UTF-8"?>
<!-- Generated by org.testng.reporters.JUnitXMLReporter -->
<testsuite hostname="HALE-QA5L" name="testGuru5" tests="4" failures="0" timestamp="30 Nov 2016 08:28:39 GMT" time="6.147" errors="0">
  <testcase name="LogIn_Test" time="0.001" classname="com.Sample.AppTest"/>
  <testcase name="LogIn_Test" time="0.002" classname="com.Sample.AppTest"/>
  <testcase name="LogIn_Test" time="0.0" classname="com.Sample.AppTest"/>
  <testcase name="LogIn_Test" time="0.002" classname="com.Sample.AppTest"/>
</testsuite> <!-- testGuru5 -->
